<?xml version="1.0" encoding="UTF-8"?>
<robot generator="Robot 7.2.2 (Python 3.12.2 on win32)" generated="2025-05-12T11:46:45.101695" rpa="false" schemaversion="5">
<suite id="s1" name="Login Test" source="D:\CDTI_work\Year4_CDTI\QA\Robot_Test-Netflix-login\login_test">
<suite id="s1-s1" name="Invalid login" source="D:\CDTI_work\Year4_CDTI\QA\Robot_Test-Netflix-login\login_test\Invalid_login.robot">
<kw name="Open Browser To Login Page" owner="resource" type="SETUP">
<kw name="Open Browser" owner="SeleniumLibrary">
<msg time="2025-05-12T11:46:45.484368" level="INFO">Opening browser 'Chrome' to base url 'https://www.netflix.com/th/login'.</msg>
<arg>${URL}</arg>
<arg>${BROWSER}</arg>
<doc>Opens a new browser instance to the optional ``url``.</doc>
<status status="PASS" start="2025-05-12T11:46:45.483401" elapsed="5.583878"/>
</kw>
<kw name="Maximize Browser Window" owner="SeleniumLibrary">
<doc>Maximizes current browser window.</doc>
<status status="PASS" start="2025-05-12T11:46:51.067279" elapsed="0.026312"/>
</kw>
<kw name="Wait Until Element Is Visible" owner="SeleniumLibrary">
<arg>name=userLoginId</arg>
<doc>Waits until the element ``locator`` is visible.</doc>
<status status="PASS" start="2025-05-12T11:46:51.093591" elapsed="3.163714"/>
</kw>
<status status="PASS" start="2025-05-12T11:46:45.482643" elapsed="8.774724"/>
</kw>
<test id="s1-s1-t1" name="Invalid Username" line="9">
<kw name="Go To Login Page" owner="resource" type="SETUP">
<kw name="Go To" owner="SeleniumLibrary">
<msg time="2025-05-12T11:46:54.258516" level="INFO">Opening url 'https://www.netflix.com/th/login'</msg>
<arg>${URL}</arg>
<doc>Navigates the current browser window to the provided ``url``.</doc>
<status status="PASS" start="2025-05-12T11:46:54.258516" elapsed="3.157155"/>
</kw>
<kw name="Wait Until Element Is Visible" owner="SeleniumLibrary">
<arg>name=userLoginId</arg>
<doc>Waits until the element ``locator`` is visible.</doc>
<status status="PASS" start="2025-05-12T11:46:57.415671" elapsed="0.132651"/>
</kw>
<status status="PASS" start="2025-05-12T11:46:54.257513" elapsed="3.291811"/>
</kw>
<kw name="Login With Invalid Credentials Should Fail">
<kw name="Input Username" owner="resource">
<kw name="Input Text" owner="SeleniumLibrary">
<msg time="2025-05-12T11:46:57.551323" level="INFO">Typing text 'invalid' into text field 'name=userLoginId'.</msg>
<arg>name=userLoginId</arg>
<arg>${username}</arg>
<doc>Types the given ``text`` into the text field identified by ``locator``.</doc>
<status status="PASS" start="2025-05-12T11:46:57.551323" elapsed="0.372809"/>
</kw>
<arg>${username}</arg>
<status status="PASS" start="2025-05-12T11:46:57.550324" elapsed="0.373808"/>
</kw>
<kw name="Input User Password" owner="resource">
<kw name="Input Text" owner="SeleniumLibrary">
<msg time="2025-05-12T11:46:57.926132" level="INFO">Typing text 'Ball_Peeraphat2005' into text field 'name=password'.</msg>
<arg>name=password</arg>
<arg>${password}</arg>
<doc>Types the given ``text`` into the text field identified by ``locator``.</doc>
<status status="PASS" start="2025-05-12T11:46:57.925139" elapsed="0.359430"/>
</kw>
<arg>${password}</arg>
<status status="PASS" start="2025-05-12T11:46:57.925139" elapsed="0.359430"/>
</kw>
<kw name="Submit Credentials" owner="resource">
<kw name="Click Login Button" owner="resource">
<kw name="Click Button" owner="SeleniumLibrary">
<msg time="2025-05-12T11:46:58.286797" level="INFO">Clicking button 'xpath=//button[contains(., "เข้าสู่ระบบ")]'.</msg>
<arg>${LOGIN BUTTON}</arg>
<doc>Clicks the button identified by ``locator``.</doc>
<status status="PASS" start="2025-05-12T11:46:58.285559" elapsed="0.135913"/>
</kw>
<status status="PASS" start="2025-05-12T11:46:58.285559" elapsed="0.135913"/>
</kw>
<kw name="Sleep" owner="BuiltIn">
<msg time="2025-05-12T11:46:59.422626" level="INFO">Slept 1 second.</msg>
<arg>1s</arg>
<doc>Pauses the test executed for the given time.</doc>
<status status="PASS" start="2025-05-12T11:46:58.421472" elapsed="1.001154"/>
</kw>
<status status="PASS" start="2025-05-12T11:46:58.284569" elapsed="1.138057"/>
</kw>
<kw name="Run Keyword If" owner="BuiltIn">
<kw name="Login Should Have Failed" owner="resource">
<kw name="Location Should Be" owner="SeleniumLibrary">
<msg time="2025-05-12T11:46:59.845043" level="INFO">Current location is 'https://www.netflix.com/th/login'.</msg>
<arg>${ERROR URL}</arg>
<doc>Verifies that the current URL is exactly ``url``.</doc>
<status status="PASS" start="2025-05-12T11:46:59.425647" elapsed="0.419396"/>
</kw>
<kw name="Wait Until Element Is Visible" owner="SeleniumLibrary">
<arg>xpath=//div[contains(., "ลองอีกครั้ง")]</arg>
<arg>timeout=10s</arg>
<doc>Waits until the element ``locator`` is visible.</doc>
<status status="PASS" start="2025-05-12T11:46:59.845043" elapsed="0.021320"/>
</kw>
<kw name="Page Should Contain Element" owner="SeleniumLibrary">
<msg time="2025-05-12T11:46:59.877344" level="INFO">Current page contains element 'xpath=//div[contains(., "ลองอีกครั้ง")]'.</msg>
<arg>xpath=//div[contains(., "ลองอีกครั้ง")]</arg>
<doc>Verifies that element ``locator`` is found on the current page.</doc>
<status status="PASS" start="2025-05-12T11:46:59.866363" elapsed="0.010981"/>
</kw>
<status status="PASS" start="2025-05-12T11:46:59.424646" elapsed="0.452698"/>
</kw>
<arg>'${expected_type}' == 'generic'</arg>
<arg>Login Should Have Failed</arg>
<arg>ELSE IF</arg>
<arg>'${expected_type}' == 'empty_user'</arg>
<arg>Login Should Empty User</arg>
<arg>ELSE IF</arg>
<arg>'${expected_type}' == 'empty_pass'</arg>
<arg>Login Should Empty Password</arg>
<arg>ELSE IF</arg>
<arg>'${expected_type}' == 'empty_both'</arg>
<arg>Login Should Empty User And Password</arg>
<doc>Runs the given keyword with the given arguments, if ``condition`` is true.</doc>
<status status="PASS" start="2025-05-12T11:46:59.423634" elapsed="0.453710"/>
</kw>
<arg>invalid</arg>
<arg>${VALID PASSWORD}</arg>
<arg>generic</arg>
<status status="PASS" start="2025-05-12T11:46:57.549324" elapsed="2.328020"/>
</kw>
<status status="PASS" start="2025-05-12T11:46:54.257513" elapsed="5.619831"/>
</test>
<test id="s1-s1-t2" name="Invalid Password" line="10">
<kw name="Go To Login Page" owner="resource" type="SETUP">
<kw name="Go To" owner="SeleniumLibrary">
<msg time="2025-05-12T11:46:59.879346" level="INFO">Opening url 'https://www.netflix.com/th/login'</msg>
<arg>${URL}</arg>
<doc>Navigates the current browser window to the provided ``url``.</doc>
<status status="PASS" start="2025-05-12T11:46:59.879346" elapsed="2.486040"/>
</kw>
<kw name="Wait Until Element Is Visible" owner="SeleniumLibrary">
<arg>name=userLoginId</arg>
<doc>Waits until the element ``locator`` is visible.</doc>
<status status="PASS" start="2025-05-12T11:47:02.365386" elapsed="0.035254"/>
</kw>
<status status="PASS" start="2025-05-12T11:46:59.879346" elapsed="2.521294"/>
</kw>
<kw name="Login With Invalid Credentials Should Fail">
<kw name="Input Username" owner="resource">
<kw name="Input Text" owner="SeleniumLibrary">
<msg time="2025-05-12T11:47:02.401638" level="INFO">Typing text 'pton451@gmail.com' into text field 'name=userLoginId'.</msg>
<arg>name=userLoginId</arg>
<arg>${username}</arg>
<doc>Types the given ``text`` into the text field identified by ``locator``.</doc>
<status status="PASS" start="2025-05-12T11:47:02.401638" elapsed="0.536303"/>
</kw>
<arg>${username}</arg>
<status status="PASS" start="2025-05-12T11:47:02.401638" elapsed="0.536303"/>
</kw>
<kw name="Input User Password" owner="resource">
<kw name="Input Text" owner="SeleniumLibrary">
<msg time="2025-05-12T11:47:02.938953" level="INFO">Typing text 'invalid' into text field 'name=password'.</msg>
<arg>name=password</arg>
<arg>${password}</arg>
<doc>Types the given ``text`` into the text field identified by ``locator``.</doc>
<status status="PASS" start="2025-05-12T11:47:02.937941" elapsed="0.183908"/>
</kw>
<arg>${password}</arg>
<status status="PASS" start="2025-05-12T11:47:02.937941" elapsed="0.184906"/>
</kw>
<kw name="Submit Credentials" owner="resource">
<kw name="Click Login Button" owner="resource">
<kw name="Click Button" owner="SeleniumLibrary">
<msg time="2025-05-12T11:47:03.123880" level="INFO">Clicking button 'xpath=//button[contains(., "เข้าสู่ระบบ")]'.</msg>
<arg>${LOGIN BUTTON}</arg>
<doc>Clicks the button identified by ``locator``.</doc>
<status status="PASS" start="2025-05-12T11:47:03.122847" elapsed="0.114698"/>
</kw>
<status status="PASS" start="2025-05-12T11:47:03.122847" elapsed="0.114698"/>
</kw>
<kw name="Sleep" owner="BuiltIn">
<msg time="2025-05-12T11:47:04.239158" level="INFO">Slept 1 second.</msg>
<arg>1s</arg>
<doc>Pauses the test executed for the given time.</doc>
<status status="PASS" start="2025-05-12T11:47:03.237545" elapsed="1.001613"/>
</kw>
<status status="PASS" start="2025-05-12T11:47:03.122847" elapsed="1.116311"/>
</kw>
<kw name="Run Keyword If" owner="BuiltIn">
<kw name="Login Should Have Failed" owner="resource">
<kw name="Location Should Be" owner="SeleniumLibrary">
<msg time="2025-05-12T11:47:04.474757" level="INFO">Current location is 'https://www.netflix.com/th/login'.</msg>
<arg>${ERROR URL}</arg>
<doc>Verifies that the current URL is exactly ``url``.</doc>
<status status="PASS" start="2025-05-12T11:47:04.240514" elapsed="0.234243"/>
</kw>
<kw name="Wait Until Element Is Visible" owner="SeleniumLibrary">
<arg>xpath=//div[contains(., "ลองอีกครั้ง")]</arg>
<arg>timeout=10s</arg>
<doc>Waits until the element ``locator`` is visible.</doc>
<status status="PASS" start="2025-05-12T11:47:04.474757" elapsed="0.048633"/>
</kw>
<kw name="Page Should Contain Element" owner="SeleniumLibrary">
<msg time="2025-05-12T11:47:04.590645" level="INFO">Current page contains element 'xpath=//div[contains(., "ลองอีกครั้ง")]'.</msg>
<arg>xpath=//div[contains(., "ลองอีกครั้ง")]</arg>
<doc>Verifies that element ``locator`` is found on the current page.</doc>
<status status="PASS" start="2025-05-12T11:47:04.524390" elapsed="0.067259"/>
</kw>
<status status="PASS" start="2025-05-12T11:47:04.239158" elapsed="0.352491"/>
</kw>
<arg>'${expected_type}' == 'generic'</arg>
<arg>Login Should Have Failed</arg>
<arg>ELSE IF</arg>
<arg>'${expected_type}' == 'empty_user'</arg>
<arg>Login Should Empty User</arg>
<arg>ELSE IF</arg>
<arg>'${expected_type}' == 'empty_pass'</arg>
<arg>Login Should Empty Password</arg>
<arg>ELSE IF</arg>
<arg>'${expected_type}' == 'empty_both'</arg>
<arg>Login Should Empty User And Password</arg>
<doc>Runs the given keyword with the given arguments, if ``condition`` is true.</doc>
<status status="PASS" start="2025-05-12T11:47:04.239158" elapsed="0.352491"/>
</kw>
<arg>${VALID USER}</arg>
<arg>invalid</arg>
<arg>generic</arg>
<status status="PASS" start="2025-05-12T11:47:02.401638" elapsed="2.190011"/>
</kw>
<status status="PASS" start="2025-05-12T11:46:59.878347" elapsed="4.713302"/>
</test>
<test id="s1-s1-t3" name="Invalid Username And Password" line="11">
<kw name="Go To Login Page" owner="resource" type="SETUP">
<kw name="Go To" owner="SeleniumLibrary">
<msg time="2025-05-12T11:47:04.593645" level="INFO">Opening url 'https://www.netflix.com/th/login'</msg>
<arg>${URL}</arg>
<doc>Navigates the current browser window to the provided ``url``.</doc>
<status status="PASS" start="2025-05-12T11:47:04.593645" elapsed="2.390376"/>
</kw>
<kw name="Wait Until Element Is Visible" owner="SeleniumLibrary">
<arg>name=userLoginId</arg>
<doc>Waits until the element ``locator`` is visible.</doc>
<status status="PASS" start="2025-05-12T11:47:06.984021" elapsed="0.028176"/>
</kw>
<status status="PASS" start="2025-05-12T11:47:04.592644" elapsed="2.419553"/>
</kw>
<kw name="Login With Invalid Credentials Should Fail">
<kw name="Input Username" owner="resource">
<kw name="Input Text" owner="SeleniumLibrary">
<msg time="2025-05-12T11:47:07.014194" level="INFO">Typing text 'invalid' into text field 'name=userLoginId'.</msg>
<arg>name=userLoginId</arg>
<arg>${username}</arg>
<doc>Types the given ``text`` into the text field identified by ``locator``.</doc>
<status status="PASS" start="2025-05-12T11:47:07.013194" elapsed="0.319012"/>
</kw>
<arg>${username}</arg>
<status status="PASS" start="2025-05-12T11:47:07.013194" elapsed="0.319012"/>
</kw>
<kw name="Input User Password" owner="resource">
<kw name="Input Text" owner="SeleniumLibrary">
<msg time="2025-05-12T11:47:07.333207" level="INFO">Typing text 'whatever' into text field 'name=password'.</msg>
<arg>name=password</arg>
<arg>${password}</arg>
<doc>Types the given ``text`` into the text field identified by ``locator``.</doc>
<status status="PASS" start="2025-05-12T11:47:07.333207" elapsed="0.245478"/>
</kw>
<arg>${password}</arg>
<status status="PASS" start="2025-05-12T11:47:07.333207" elapsed="0.245478"/>
</kw>
<kw name="Submit Credentials" owner="resource">
<kw name="Click Login Button" owner="resource">
<kw name="Click Button" owner="SeleniumLibrary">
<msg time="2025-05-12T11:47:07.579699" level="INFO">Clicking button 'xpath=//button[contains(., "เข้าสู่ระบบ")]'.</msg>
<arg>${LOGIN BUTTON}</arg>
<doc>Clicks the button identified by ``locator``.</doc>
<status status="PASS" start="2025-05-12T11:47:07.579699" elapsed="0.136635"/>
</kw>
<status status="PASS" start="2025-05-12T11:47:07.579699" elapsed="0.136635"/>
</kw>
<kw name="Sleep" owner="BuiltIn">
<msg time="2025-05-12T11:47:08.717877" level="INFO">Slept 1 second.</msg>
<arg>1s</arg>
<doc>Pauses the test executed for the given time.</doc>
<status status="PASS" start="2025-05-12T11:47:07.717333" elapsed="1.000544"/>
</kw>
<status status="PASS" start="2025-05-12T11:47:07.579699" elapsed="1.138178"/>
</kw>
<kw name="Run Keyword If" owner="BuiltIn">
<kw name="Login Should Have Failed" owner="resource">
<kw name="Location Should Be" owner="SeleniumLibrary">
<msg time="2025-05-12T11:47:08.998180" level="INFO">Current location is 'https://www.netflix.com/th/login'.</msg>
<arg>${ERROR URL}</arg>
<doc>Verifies that the current URL is exactly ``url``.</doc>
<status status="PASS" start="2025-05-12T11:47:08.718883" elapsed="0.279297"/>
</kw>
<kw name="Wait Until Element Is Visible" owner="SeleniumLibrary">
<arg>xpath=//div[contains(., "ลองอีกครั้ง")]</arg>
<arg>timeout=10s</arg>
<doc>Waits until the element ``locator`` is visible.</doc>
<status status="PASS" start="2025-05-12T11:47:08.998180" elapsed="0.016632"/>
</kw>
<kw name="Page Should Contain Element" owner="SeleniumLibrary">
<msg time="2025-05-12T11:47:09.024750" level="INFO">Current page contains element 'xpath=//div[contains(., "ลองอีกครั้ง")]'.</msg>
<arg>xpath=//div[contains(., "ลองอีกครั้ง")]</arg>
<doc>Verifies that element ``locator`` is found on the current page.</doc>
<status status="PASS" start="2025-05-12T11:47:09.014812" elapsed="0.009938"/>
</kw>
<status status="PASS" start="2025-05-12T11:47:08.717877" elapsed="0.306873"/>
</kw>
<arg>'${expected_type}' == 'generic'</arg>
<arg>Login Should Have Failed</arg>
<arg>ELSE IF</arg>
<arg>'${expected_type}' == 'empty_user'</arg>
<arg>Login Should Empty User</arg>
<arg>ELSE IF</arg>
<arg>'${expected_type}' == 'empty_pass'</arg>
<arg>Login Should Empty Password</arg>
<arg>ELSE IF</arg>
<arg>'${expected_type}' == 'empty_both'</arg>
<arg>Login Should Empty User And Password</arg>
<doc>Runs the given keyword with the given arguments, if ``condition`` is true.</doc>
<status status="PASS" start="2025-05-12T11:47:08.717877" elapsed="0.306873"/>
</kw>
<arg>invalid</arg>
<arg>whatever</arg>
<arg>generic</arg>
<status status="PASS" start="2025-05-12T11:47:07.013194" elapsed="2.011556"/>
</kw>
<status status="PASS" start="2025-05-12T11:47:04.592644" elapsed="4.432106"/>
</test>
<test id="s1-s1-t4" name="Empty Username" line="12">
<kw name="Go To Login Page" owner="resource" type="SETUP">
<kw name="Go To" owner="SeleniumLibrary">
<msg time="2025-05-12T11:47:09.026760" level="INFO">Opening url 'https://www.netflix.com/th/login'</msg>
<arg>${URL}</arg>
<doc>Navigates the current browser window to the provided ``url``.</doc>
<status status="PASS" start="2025-05-12T11:47:09.026760" elapsed="2.295601"/>
</kw>
<kw name="Wait Until Element Is Visible" owner="SeleniumLibrary">
<arg>name=userLoginId</arg>
<doc>Waits until the element ``locator`` is visible.</doc>
<status status="PASS" start="2025-05-12T11:47:11.322361" elapsed="0.030453"/>
</kw>
<status status="PASS" start="2025-05-12T11:47:09.026760" elapsed="2.326054"/>
</kw>
<kw name="Login With Invalid Credentials Should Fail">
<kw name="Input Username" owner="resource">
<kw name="Input Text" owner="SeleniumLibrary">
<msg time="2025-05-12T11:47:11.353814" level="INFO">Typing text '' into text field 'name=userLoginId'.</msg>
<arg>name=userLoginId</arg>
<arg>${username}</arg>
<doc>Types the given ``text`` into the text field identified by ``locator``.</doc>
<status status="PASS" start="2025-05-12T11:47:11.353814" elapsed="0.184751"/>
</kw>
<arg>${username}</arg>
<status status="PASS" start="2025-05-12T11:47:11.352814" elapsed="0.185751"/>
</kw>
<kw name="Input User Password" owner="resource">
<kw name="Input Text" owner="SeleniumLibrary">
<msg time="2025-05-12T11:47:11.539562" level="INFO">Typing text 'Ball_Peeraphat2005' into text field 'name=password'.</msg>
<arg>name=password</arg>
<arg>${password}</arg>
<doc>Types the given ``text`` into the text field identified by ``locator``.</doc>
<status status="PASS" start="2025-05-12T11:47:11.538565" elapsed="0.355295"/>
</kw>
<arg>${password}</arg>
<status status="PASS" start="2025-05-12T11:47:11.538565" elapsed="0.355295"/>
</kw>
<kw name="Submit Credentials" owner="resource">
<kw name="Click Login Button" owner="resource">
<kw name="Click Button" owner="SeleniumLibrary">
<msg time="2025-05-12T11:47:11.894858" level="INFO">Clicking button 'xpath=//button[contains(., "เข้าสู่ระบบ")]'.</msg>
<arg>${LOGIN BUTTON}</arg>
<doc>Clicks the button identified by ``locator``.</doc>
<status status="PASS" start="2025-05-12T11:47:11.893860" elapsed="0.102187"/>
</kw>
<status status="PASS" start="2025-05-12T11:47:11.893860" elapsed="0.102187"/>
</kw>
<kw name="Sleep" owner="BuiltIn">
<msg time="2025-05-12T11:47:12.997850" level="INFO">Slept 1 second.</msg>
<arg>1s</arg>
<doc>Pauses the test executed for the given time.</doc>
<status status="PASS" start="2025-05-12T11:47:11.996047" elapsed="1.001803"/>
</kw>
<status status="PASS" start="2025-05-12T11:47:11.893860" elapsed="1.104230"/>
</kw>
<kw name="Run Keyword If" owner="BuiltIn">
<kw name="Login Should Empty User" owner="resource">
<kw name="Location Should Be" owner="SeleniumLibrary">
<msg time="2025-05-12T11:47:13.004107" level="INFO">Current location is 'https://www.netflix.com/th/login'.</msg>
<arg>${ERROR URL}</arg>
<doc>Verifies that the current URL is exactly ``url``.</doc>
<status status="PASS" start="2025-05-12T11:47:12.998090" elapsed="0.006017"/>
</kw>
<kw name="Page Should Contain Element" owner="SeleniumLibrary">
<msg time="2025-05-12T11:47:13.017822" level="INFO">Current page contains element 'xpath=//div[contains(., "โปรดระบุอีเมลหรือหมายเลขโทรศัพท์ที่ถูกต้อง")]'.</msg>
<arg>xpath=//div[contains(., "โปรดระบุอีเมลหรือหมายเลขโทรศัพท์ที่ถูกต้อง")]</arg>
<doc>Verifies that element ``locator`` is found on the current page.</doc>
<status status="PASS" start="2025-05-12T11:47:13.005106" elapsed="0.012716"/>
</kw>
<status status="PASS" start="2025-05-12T11:47:12.998090" elapsed="0.019732"/>
</kw>
<arg>'${expected_type}' == 'generic'</arg>
<arg>Login Should Have Failed</arg>
<arg>ELSE IF</arg>
<arg>'${expected_type}' == 'empty_user'</arg>
<arg>Login Should Empty User</arg>
<arg>ELSE IF</arg>
<arg>'${expected_type}' == 'empty_pass'</arg>
<arg>Login Should Empty Password</arg>
<arg>ELSE IF</arg>
<arg>'${expected_type}' == 'empty_both'</arg>
<arg>Login Should Empty User And Password</arg>
<doc>Runs the given keyword with the given arguments, if ``condition`` is true.</doc>
<status status="PASS" start="2025-05-12T11:47:12.998090" elapsed="0.019732"/>
</kw>
<arg>${EMPTY}</arg>
<arg>${VALID PASSWORD}</arg>
<arg>empty_user</arg>
<status status="PASS" start="2025-05-12T11:47:11.352814" elapsed="1.665008"/>
</kw>
<status status="PASS" start="2025-05-12T11:47:09.025761" elapsed="3.992061"/>
</test>
<test id="s1-s1-t5" name="Empty Password" line="13">
<kw name="Go To Login Page" owner="resource" type="SETUP">
<kw name="Go To" owner="SeleniumLibrary">
<msg time="2025-05-12T11:47:13.019856" level="INFO">Opening url 'https://www.netflix.com/th/login'</msg>
<arg>${URL}</arg>
<doc>Navigates the current browser window to the provided ``url``.</doc>
<status status="PASS" start="2025-05-12T11:47:13.019856" elapsed="2.387568"/>
</kw>
<kw name="Wait Until Element Is Visible" owner="SeleniumLibrary">
<arg>name=userLoginId</arg>
<doc>Waits until the element ``locator`` is visible.</doc>
<status status="PASS" start="2025-05-12T11:47:15.408423" elapsed="0.025368"/>
</kw>
<status status="PASS" start="2025-05-12T11:47:13.019856" elapsed="2.413935"/>
</kw>
<kw name="Login With Invalid Credentials Should Fail">
<kw name="Input Username" owner="resource">
<kw name="Input Text" owner="SeleniumLibrary">
<msg time="2025-05-12T11:47:15.434792" level="INFO">Typing text 'pton451@gmail.com' into text field 'name=userLoginId'.</msg>
<arg>name=userLoginId</arg>
<arg>${username}</arg>
<doc>Types the given ``text`` into the text field identified by ``locator``.</doc>
<status status="PASS" start="2025-05-12T11:47:15.434792" elapsed="0.516150"/>
</kw>
<arg>${username}</arg>
<status status="PASS" start="2025-05-12T11:47:15.433791" elapsed="0.517151"/>
</kw>
<kw name="Input User Password" owner="resource">
<kw name="Input Text" owner="SeleniumLibrary">
<msg time="2025-05-12T11:47:15.951944" level="INFO">Typing text '' into text field 'name=password'.</msg>
<arg>name=password</arg>
<arg>${password}</arg>
<doc>Types the given ``text`` into the text field identified by ``locator``.</doc>
<status status="PASS" start="2025-05-12T11:47:15.951944" elapsed="0.115160"/>
</kw>
<arg>${password}</arg>
<status status="PASS" start="2025-05-12T11:47:15.951944" elapsed="0.115160"/>
</kw>
<kw name="Submit Credentials" owner="resource">
<kw name="Click Login Button" owner="resource">
<kw name="Click Button" owner="SeleniumLibrary">
<msg time="2025-05-12T11:47:16.067104" level="INFO">Clicking button 'xpath=//button[contains(., "เข้าสู่ระบบ")]'.</msg>
<arg>${LOGIN BUTTON}</arg>
<doc>Clicks the button identified by ``locator``.</doc>
<status status="PASS" start="2025-05-12T11:47:16.067104" elapsed="0.116872"/>
</kw>
<status status="PASS" start="2025-05-12T11:47:16.067104" elapsed="0.116872"/>
</kw>
<kw name="Sleep" owner="BuiltIn">
<msg time="2025-05-12T11:47:17.184139" level="INFO">Slept 1 second.</msg>
<arg>1s</arg>
<doc>Pauses the test executed for the given time.</doc>
<status status="PASS" start="2025-05-12T11:47:16.183976" elapsed="1.000163"/>
</kw>
<status status="PASS" start="2025-05-12T11:47:16.067104" elapsed="1.117035"/>
</kw>
<kw name="Run Keyword If" owner="BuiltIn">
<kw name="Login Should Empty Password" owner="resource">
<kw name="Location Should Be" owner="SeleniumLibrary">
<msg time="2025-05-12T11:47:17.190695" level="INFO">Current location is 'https://www.netflix.com/th/login'.</msg>
<arg>${ERROR URL}</arg>
<doc>Verifies that the current URL is exactly ``url``.</doc>
<status status="PASS" start="2025-05-12T11:47:17.184139" elapsed="0.006556"/>
</kw>
<kw name="Page Should Contain Element" owner="SeleniumLibrary">
<msg time="2025-05-12T11:47:17.207155" level="INFO">Current page contains element 'xpath=//div[contains(., "รหัสผ่านต้องมีอักขระ 4 ถึง 60 ตัว")]'.</msg>
<arg>xpath=//div[contains(., "รหัสผ่านต้องมีอักขระ 4 ถึง 60 ตัว")]</arg>
<doc>Verifies that element ``locator`` is found on the current page.</doc>
<status status="PASS" start="2025-05-12T11:47:17.191697" elapsed="0.016460"/>
</kw>
<status status="PASS" start="2025-05-12T11:47:17.184139" elapsed="0.024018"/>
</kw>
<arg>'${expected_type}' == 'generic'</arg>
<arg>Login Should Have Failed</arg>
<arg>ELSE IF</arg>
<arg>'${expected_type}' == 'empty_user'</arg>
<arg>Login Should Empty User</arg>
<arg>ELSE IF</arg>
<arg>'${expected_type}' == 'empty_pass'</arg>
<arg>Login Should Empty Password</arg>
<arg>ELSE IF</arg>
<arg>'${expected_type}' == 'empty_both'</arg>
<arg>Login Should Empty User And Password</arg>
<doc>Runs the given keyword with the given arguments, if ``condition`` is true.</doc>
<status status="PASS" start="2025-05-12T11:47:17.184139" elapsed="0.024018"/>
</kw>
<arg>${VALID USER}</arg>
<arg>${EMPTY}</arg>
<arg>empty_pass</arg>
<status status="PASS" start="2025-05-12T11:47:15.433791" elapsed="1.774366"/>
</kw>
<status status="PASS" start="2025-05-12T11:47:13.018857" elapsed="4.189300"/>
</test>
<test id="s1-s1-t6" name="Empty Username And Password" line="14">
<kw name="Go To Login Page" owner="resource" type="SETUP">
<kw name="Go To" owner="SeleniumLibrary">
<msg time="2025-05-12T11:47:17.210156" level="INFO">Opening url 'https://www.netflix.com/th/login'</msg>
<arg>${URL}</arg>
<doc>Navigates the current browser window to the provided ``url``.</doc>
<status status="PASS" start="2025-05-12T11:47:17.210156" elapsed="2.293668"/>
</kw>
<kw name="Wait Until Element Is Visible" owner="SeleniumLibrary">
<arg>name=userLoginId</arg>
<doc>Waits until the element ``locator`` is visible.</doc>
<status status="PASS" start="2025-05-12T11:47:19.503824" elapsed="0.028549"/>
</kw>
<status status="PASS" start="2025-05-12T11:47:17.210156" elapsed="2.322217"/>
</kw>
<kw name="Login With Invalid Credentials Should Fail">
<kw name="Input Username" owner="resource">
<kw name="Input Text" owner="SeleniumLibrary">
<msg time="2025-05-12T11:47:19.533371" level="INFO">Typing text '' into text field 'name=userLoginId'.</msg>
<arg>name=userLoginId</arg>
<arg>${username}</arg>
<doc>Types the given ``text`` into the text field identified by ``locator``.</doc>
<status status="PASS" start="2025-05-12T11:47:19.533371" elapsed="0.162193"/>
</kw>
<arg>${username}</arg>
<status status="PASS" start="2025-05-12T11:47:19.533371" elapsed="0.163206"/>
</kw>
<kw name="Input User Password" owner="resource">
<kw name="Input Text" owner="SeleniumLibrary">
<msg time="2025-05-12T11:47:19.697888" level="INFO">Typing text '' into text field 'name=password'.</msg>
<arg>name=password</arg>
<arg>${password}</arg>
<doc>Types the given ``text`` into the text field identified by ``locator``.</doc>
<status status="PASS" start="2025-05-12T11:47:19.697888" elapsed="0.134051"/>
</kw>
<arg>${password}</arg>
<status status="PASS" start="2025-05-12T11:47:19.696577" elapsed="0.135362"/>
</kw>
<kw name="Submit Credentials" owner="resource">
<kw name="Click Login Button" owner="resource">
<kw name="Click Button" owner="SeleniumLibrary">
<msg time="2025-05-12T11:47:19.832937" level="INFO">Clicking button 'xpath=//button[contains(., "เข้าสู่ระบบ")]'.</msg>
<arg>${LOGIN BUTTON}</arg>
<doc>Clicks the button identified by ``locator``.</doc>
<status status="PASS" start="2025-05-12T11:47:19.832937" elapsed="0.179519"/>
</kw>
<status status="PASS" start="2025-05-12T11:47:19.832937" elapsed="0.180523"/>
</kw>
<kw name="Sleep" owner="BuiltIn">
<msg time="2025-05-12T11:47:21.013628" level="INFO">Slept 1 second.</msg>
<arg>1s</arg>
<doc>Pauses the test executed for the given time.</doc>
<status status="PASS" start="2025-05-12T11:47:20.013460" elapsed="1.000168"/>
</kw>
<status status="PASS" start="2025-05-12T11:47:19.831939" elapsed="1.181689"/>
</kw>
<kw name="Run Keyword If" owner="BuiltIn">
<kw name="Login Should Empty User And Password" owner="resource">
<kw name="Location Should Be" owner="SeleniumLibrary">
<msg time="2025-05-12T11:47:21.020974" level="INFO">Current location is 'https://www.netflix.com/th/login'.</msg>
<arg>${ERROR URL}</arg>
<doc>Verifies that the current URL is exactly ``url``.</doc>
<status status="PASS" start="2025-05-12T11:47:21.014668" elapsed="0.006306"/>
</kw>
<kw name="Page Should Contain Element" owner="SeleniumLibrary">
<msg time="2025-05-12T11:47:21.031171" level="INFO">Current page contains element 'xpath=//div[contains(., "โปรดระบุอีเมลหรือหมายเลขโทรศัพท์ที่ถูกต้อง")]'.</msg>
<arg>xpath=//div[contains(., "โปรดระบุอีเมลหรือหมายเลขโทรศัพท์ที่ถูกต้อง")]</arg>
<doc>Verifies that element ``locator`` is found on the current page.</doc>
<status status="PASS" start="2025-05-12T11:47:21.020974" elapsed="0.010197"/>
</kw>
<status status="PASS" start="2025-05-12T11:47:21.013628" elapsed="0.017543"/>
</kw>
<arg>'${expected_type}' == 'generic'</arg>
<arg>Login Should Have Failed</arg>
<arg>ELSE IF</arg>
<arg>'${expected_type}' == 'empty_user'</arg>
<arg>Login Should Empty User</arg>
<arg>ELSE IF</arg>
<arg>'${expected_type}' == 'empty_pass'</arg>
<arg>Login Should Empty Password</arg>
<arg>ELSE IF</arg>
<arg>'${expected_type}' == 'empty_both'</arg>
<arg>Login Should Empty User And Password</arg>
<doc>Runs the given keyword with the given arguments, if ``condition`` is true.</doc>
<status status="PASS" start="2025-05-12T11:47:21.013628" elapsed="0.017543"/>
</kw>
<arg>${EMPTY}</arg>
<arg>${EMPTY}</arg>
<arg>empty_both</arg>
<status status="PASS" start="2025-05-12T11:47:19.532373" elapsed="1.499818"/>
</kw>
<status status="PASS" start="2025-05-12T11:47:17.209156" elapsed="3.823035"/>
</test>
<kw name="Close Browser" owner="SeleniumLibrary" type="TEARDOWN">
<doc>Closes the current browser.</doc>
<status status="PASS" start="2025-05-12T11:47:21.033613" elapsed="2.207770"/>
</kw>
<status status="PASS" start="2025-05-12T11:46:45.129460" elapsed="38.111923"/>
</suite>
<suite id="s1-s2" name="Valid login" source="D:\CDTI_work\Year4_CDTI\QA\Robot_Test-Netflix-login\login_test\Valid_login.robot">
<kw name="Open Browser To Login Page" owner="resource" type="SETUP">
<kw name="Open Browser" owner="SeleniumLibrary">
<msg time="2025-05-12T11:47:23.247383" level="INFO">Opening browser 'Chrome' to base url 'https://www.netflix.com/th/login'.</msg>
<arg>${URL}</arg>
<arg>${BROWSER}</arg>
<doc>Opens a new browser instance to the optional ``url``.</doc>
<status status="PASS" start="2025-05-12T11:47:23.246383" elapsed="4.788656"/>
</kw>
<kw name="Maximize Browser Window" owner="SeleniumLibrary">
<doc>Maximizes current browser window.</doc>
<status status="PASS" start="2025-05-12T11:47:28.035039" elapsed="0.032371"/>
</kw>
<kw name="Wait Until Element Is Visible" owner="SeleniumLibrary">
<arg>name=userLoginId</arg>
<doc>Waits until the element ``locator`` is visible.</doc>
<status status="PASS" start="2025-05-12T11:47:28.067410" elapsed="1.923072"/>
</kw>
<status status="PASS" start="2025-05-12T11:47:23.246383" elapsed="6.744099"/>
</kw>
<test id="s1-s2-t1" name="Login With Valid Credentials" line="7">
<kw name="Input Username" owner="resource">
<kw name="Input Text" owner="SeleniumLibrary">
<msg time="2025-05-12T11:47:29.992480" level="INFO">Typing text 'pton451@gmail.com' into text field 'name=userLoginId'.</msg>
<arg>name=userLoginId</arg>
<arg>${username}</arg>
<doc>Types the given ``text`` into the text field identified by ``locator``.</doc>
<status status="PASS" start="2025-05-12T11:47:29.992480" elapsed="0.428683"/>
</kw>
<arg>${VALID USER}</arg>
<status status="PASS" start="2025-05-12T11:47:29.992480" elapsed="0.428683"/>
</kw>
<kw name="Input User Password" owner="resource">
<kw name="Input Text" owner="SeleniumLibrary">
<msg time="2025-05-12T11:47:30.422161" level="INFO">Typing text 'Ball_Peeraphat2005' into text field 'name=password'.</msg>
<arg>name=password</arg>
<arg>${password}</arg>
<doc>Types the given ``text`` into the text field identified by ``locator``.</doc>
<status status="PASS" start="2025-05-12T11:47:30.422161" elapsed="0.431494"/>
</kw>
<arg>${VALID PASSWORD}</arg>
<status status="PASS" start="2025-05-12T11:47:30.421163" elapsed="0.432492"/>
</kw>
<kw name="Click Login Button" owner="resource">
<kw name="Click Button" owner="SeleniumLibrary">
<msg time="2025-05-12T11:47:30.854653" level="INFO">Clicking button 'xpath=//button[contains(., "เข้าสู่ระบบ")]'.</msg>
<arg>${LOGIN BUTTON}</arg>
<doc>Clicks the button identified by ``locator``.</doc>
<status status="PASS" start="2025-05-12T11:47:30.854653" elapsed="0.131646"/>
</kw>
<status status="PASS" start="2025-05-12T11:47:30.854653" elapsed="0.131646"/>
</kw>
<kw name="Wait Until Location Contains" owner="SeleniumLibrary">
<arg>browse</arg>
<arg>timeout=10s</arg>
<doc>Waits until the current URL contains ``expected``.</doc>
<status status="PASS" start="2025-05-12T11:47:30.987302" elapsed="8.294749"/>
</kw>
<kw name="Location Should Contain" owner="SeleniumLibrary">
<msg time="2025-05-12T11:47:39.297551" level="INFO">Current location contains 'browse'.</msg>
<arg>browse</arg>
<doc>Verifies that the current URL contains ``expected``.</doc>
<status status="PASS" start="2025-05-12T11:47:39.283015" elapsed="0.014536"/>
</kw>
<doc>ล็อกอินด้วยอีเมลและรหัสผ่านที่ถูกต้อง</doc>
<status status="PASS" start="2025-05-12T11:47:29.990482" elapsed="9.308106"/>
</test>
<kw name="Close Browser" owner="SeleniumLibrary" type="TEARDOWN">
<doc>Closes the current browser.</doc>
<status status="PASS" start="2025-05-12T11:47:39.298588" elapsed="2.167817"/>
</kw>
<status status="PASS" start="2025-05-12T11:47:23.242383" elapsed="18.224022"/>
</suite>
<status status="PASS" start="2025-05-12T11:46:45.102693" elapsed="56.364713"/>
</suite>
<statistics>
<total>
<stat pass="7" fail="0" skip="0">All Tests</stat>
</total>
<tag>
</tag>
<suite>
<stat name="Login Test" id="s1" pass="7" fail="0" skip="0">Login Test</stat>
<stat name="Invalid login" id="s1-s1" pass="6" fail="0" skip="0">Login Test.Invalid login</stat>
<stat name="Valid login" id="s1-s2" pass="1" fail="0" skip="0">Login Test.Valid login</stat>
</suite>
</statistics>
<errors>
</errors>
</robot>
